app/build/intermediates/manifest_merge_blame_file/hmsDebug/manifest-merger-blame-hms-debug-report.txt
1<?xml version="1.0" encoding="utf-8"?>
2<manifest xmlns:android="http://schemas.android.com/apk/res/android"
3    package="ch.threema.app.hms"
4    android:installLocation="internalOnly"
5    android:testOnly="false"
6    android:versionCode="715"
7    android:versionName="12.1" >
8
9    <uses-sdk
9-->src/main/AndroidManifest.xml:153:2-154:87
10        android:minSdkVersion="21"
11        android:targetSdkVersion="30" />
12
13    <uses-permission android:name="android.permission.REQUEST_IGNORE_BATTERY_OPTIMIZATIONS" />
13-->src/hms/AndroidManifest.xml:6:2-91
13-->src/hms/AndroidManifest.xml:6:19-89
14
15    <queries>
15-->src/main/AndroidManifest.xml:119:2-151:12
16        <package android:name="com.hisilicon.android.hiRMService" />
16-->src/hms/AndroidManifest.xml:9:3-63
16-->src/hms/AndroidManifest.xml:9:12-60
17
18        <intent>
18-->src/hms/AndroidManifest.xml:10:3-12:12
19            <action android:name="com.apptouch.intent.action.update_hms" />
19-->src/hms/AndroidManifest.xml:11:4-67
19-->src/hms/AndroidManifest.xml:11:12-64
20        </intent>
21        <intent>
21-->src/hms/AndroidManifest.xml:13:3-15:12
22            <action android:name="com.huawei.appmarket.intent.action.AppDetail" />
22-->src/hms/AndroidManifest.xml:14:4-74
22-->src/hms/AndroidManifest.xml:14:12-71
23        </intent>
24        <intent>
24-->src/hms/AndroidManifest.xml:17:3-19:12
25            <action android:name="com.huawei.hms.core.aidlservice" />
25-->src/hms/AndroidManifest.xml:18:4-61
25-->src/hms/AndroidManifest.xml:18:12-58
26        </intent>
27        <intent>
27-->src/hms/AndroidManifest.xml:21:3-23:12
28            <action android:name="com.huawei.hms.core" />
28-->src/hms/AndroidManifest.xml:22:4-49
28-->src/hms/AndroidManifest.xml:22:12-46
29        </intent>
30        <!-- various power manager and autostart packages we may need to direct our users to -->
31        <package android:name="com.samsung.android.lool" />
31-->src/main/AndroidManifest.xml:121:3-54
31-->src/main/AndroidManifest.xml:121:12-51
32        <package android:name="com.huawei.systemmanager" />
32-->src/main/AndroidManifest.xml:122:3-54
32-->src/main/AndroidManifest.xml:122:12-51
33        <package android:name="com.iqoo.secure" />
33-->src/main/AndroidManifest.xml:123:3-45
33-->src/main/AndroidManifest.xml:123:12-42
34        <package android:name="com.vivo.permissionmanager" />
34-->src/main/AndroidManifest.xml:124:3-56
34-->src/main/AndroidManifest.xml:124:12-53
35        <package android:name="com.htc.pitroad" />
35-->src/main/AndroidManifest.xml:125:3-45
35-->src/main/AndroidManifest.xml:125:12-42
36        <package android:name="com.miui.securitycenter" />
36-->src/main/AndroidManifest.xml:126:3-53
36-->src/main/AndroidManifest.xml:126:12-50
37        <package android:name="com.letv.android.letvsafe" />
37-->src/main/AndroidManifest.xml:127:3-55
37-->src/main/AndroidManifest.xml:127:12-52
38        <package android:name="com.coloros.safecenter" />
38-->src/main/AndroidManifest.xml:128:3-52
38-->src/main/AndroidManifest.xml:128:12-49
39        <package android:name="com.oppo.safe" />
39-->src/main/AndroidManifest.xml:129:3-43
39-->src/main/AndroidManifest.xml:129:12-40
40        <package android:name="com.asus.mobilemanager" />
40-->src/main/AndroidManifest.xml:130:3-52
40-->src/main/AndroidManifest.xml:130:12-49
41        <package android:name="com.transsion.phonemanager" />
41-->src/main/AndroidManifest.xml:131:3-56
41-->src/main/AndroidManifest.xml:131:12-53
42
43        <intent>
43-->src/main/AndroidManifest.xml:133:3-136:12
44            <action android:name="miui.intent.action.POWER_HIDE_MODE_APP_LIST" />
44-->src/main/AndroidManifest.xml:134:4-72
44-->src/main/AndroidManifest.xml:134:12-70
45
46            <category android:name="android.intent.category.DEFAULT" />
46-->src/main/AndroidManifest.xml:135:4-62
46-->src/main/AndroidManifest.xml:135:14-60
47        </intent>
48        <intent>
48-->src/main/AndroidManifest.xml:137:3-140:12
49            <action android:name="miui.intent.action.OP_AUTO_START" />
49-->src/main/AndroidManifest.xml:138:4-61
49-->src/main/AndroidManifest.xml:138:12-59
50
51            <category android:name="android.intent.category.DEFAULT" />
51-->src/main/AndroidManifest.xml:135:4-62
51-->src/main/AndroidManifest.xml:135:14-60
52        </intent>
53        <intent>
53-->src/main/AndroidManifest.xml:141:3-144:12
54            <action android:name="android.intent.action.SEND" />
54-->src/main/AndroidManifest.xml:142:4-56
54-->src/main/AndroidManifest.xml:142:12-53
55
56            <data android:mimeType="text/plain" />
57        </intent>
58        <intent>
58-->src/main/AndroidManifest.xml:145:3-147:12
59            <action android:name="android.settings.IGNORE_BATTERY_OPTIMIZATION_SETTINGS" />
59-->src/main/AndroidManifest.xml:146:4-83
59-->src/main/AndroidManifest.xml:146:12-80
60        </intent>
61        <intent>
61-->src/main/AndroidManifest.xml:148:3-150:12
62            <action android:name="android.settings.IGNORE_BACKGROUND_DATA_RESTRICTIONS_SETTINGS" />
62-->src/main/AndroidManifest.xml:149:4-91
62-->src/main/AndroidManifest.xml:149:12-88
63        </intent>
64        <intent>
64-->[androidx.media:media:1.3.1] AndroidManifest.xml:25:9-27:18
65            <action android:name="android.media.browse.MediaBrowserService" />
65-->[androidx.media:media:1.3.1] AndroidManifest.xml:26:13-79
65-->[androidx.media:media:1.3.1] AndroidManifest.xml:26:21-76
66        </intent>
67    </queries>
68
69    <supports-screens
69-->src/main/AndroidManifest.xml:9:2-15:33
70        android:anyDensity="true"
70-->src/main/AndroidManifest.xml:10:3-28
71        android:largeScreens="true"
71-->src/main/AndroidManifest.xml:11:3-30
72        android:normalScreens="true"
72-->src/main/AndroidManifest.xml:12:3-31
73        android:resizeable="true"
73-->src/main/AndroidManifest.xml:13:3-28
74        android:smallScreens="true"
74-->src/main/AndroidManifest.xml:14:3-30
75        android:xlargeScreens="true" />
75-->src/main/AndroidManifest.xml:15:3-31
76
77    <uses-feature
77-->src/main/AndroidManifest.xml:17:2-19:28
78        android:glEsVersion="0x00020000"
78-->src/main/AndroidManifest.xml:18:3-35
79        android:required="true" /> <!-- DANGEROUS PERMISSIONS -->
79-->src/main/AndroidManifest.xml:19:3-26
80    <!-- android.permission-group.CONTACTS -->
81    <uses-permission android:name="android.permission.READ_CONTACTS" />
81-->src/main/AndroidManifest.xml:23:2-68
81-->src/main/AndroidManifest.xml:23:19-66
82    <uses-permission android:name="android.permission.WRITE_CONTACTS" />
82-->src/main/AndroidManifest.xml:24:2-69
82-->src/main/AndroidManifest.xml:24:19-67
83    <uses-permission android:name="android.permission.GET_ACCOUNTS" /> <!-- android.permission-group.STORAGE -->
83-->src/main/AndroidManifest.xml:25:2-67
83-->src/main/AndroidManifest.xml:25:19-65
84    <uses-permission android:name="android.permission.WRITE_EXTERNAL_STORAGE" />
84-->src/main/AndroidManifest.xml:28:2-77
84-->src/main/AndroidManifest.xml:28:19-75
85    <uses-permission android:name="android.permission.READ_EXTERNAL_STORAGE" /> <!-- android.permission-group.LOCATION -->
85-->src/main/AndroidManifest.xml:29:2-76
85-->src/main/AndroidManifest.xml:29:19-74
86    <uses-permission android:name="android.permission.ACCESS_FINE_LOCATION" />
86-->src/main/AndroidManifest.xml:32:2-75
86-->src/main/AndroidManifest.xml:32:19-73
87    <uses-permission android:name="android.permission.ACCESS_COARSE_LOCATION" /> <!-- android.permission-group.MICROPHONE -->
87-->src/main/AndroidManifest.xml:33:2-77
87-->src/main/AndroidManifest.xml:33:19-75
88    <uses-permission android:name="android.permission.RECORD_AUDIO" /> <!-- android.permission-group.PHONE -->
88-->src/main/AndroidManifest.xml:36:2-67
88-->src/main/AndroidManifest.xml:36:19-65
89    <!-- Required to detect and hangup incoming regular calls -->
90    <uses-permission android:name="android.permission.READ_PHONE_STATE" />
90-->src/main/AndroidManifest.xml:40:2-71
90-->src/main/AndroidManifest.xml:40:19-69
91    <uses-permission android:name="android.permission.CALL_PHONE" />
91-->src/main/AndroidManifest.xml:41:2-65
91-->src/main/AndroidManifest.xml:41:19-63
92    <uses-permission android:name="android.permission.ANSWER_PHONE_CALLS" /> <!-- android.permission-group.CAMERA -->
92-->src/main/AndroidManifest.xml:42:2-73
92-->src/main/AndroidManifest.xml:42:19-71
93    <uses-permission android:name="android.permission.CAMERA" /> <!-- PROTECTION_NORMAL - granted automatically -->
93-->src/main/AndroidManifest.xml:45:2-62
93-->src/main/AndroidManifest.xml:45:19-59
94    <uses-permission android:name="android.permission.INTERNET" />
94-->src/main/AndroidManifest.xml:48:2-63
94-->src/main/AndroidManifest.xml:48:19-61
95    <uses-permission android:name="android.permission.ACCESS_NETWORK_STATE" />
95-->src/main/AndroidManifest.xml:49:2-76
95-->src/main/AndroidManifest.xml:49:19-73
96    <uses-permission android:name="android.permission.READ_SYNC_SETTINGS" />
96-->src/main/AndroidManifest.xml:50:2-73
96-->src/main/AndroidManifest.xml:50:19-71
97    <uses-permission android:name="android.permission.WRITE_SYNC_SETTINGS" />
97-->src/main/AndroidManifest.xml:51:2-74
97-->src/main/AndroidManifest.xml:51:19-72
98    <uses-permission android:name="android.permission.VIBRATE" />
98-->src/main/AndroidManifest.xml:52:2-62
98-->src/main/AndroidManifest.xml:52:19-60
99    <uses-permission android:name="android.permission.WAKE_LOCK" />
99-->src/main/AndroidManifest.xml:53:2-64
99-->src/main/AndroidManifest.xml:53:19-62
100    <uses-permission android:name="android.permission.RECEIVE_BOOT_COMPLETED" />
100-->src/main/AndroidManifest.xml:54:2-77
100-->src/main/AndroidManifest.xml:54:19-75
101    <uses-permission android:name="android.permission.FOREGROUND_SERVICE" />
101-->src/main/AndroidManifest.xml:55:2-73
101-->src/main/AndroidManifest.xml:55:19-71
102    <uses-permission android:name="android.permission.USE_FULL_SCREEN_INTENT" /> <!-- Access to address book -->
102-->src/main/AndroidManifest.xml:56:2-77
102-->src/main/AndroidManifest.xml:56:19-75
103    <uses-permission android:name="android.permission.MANAGE_ACCOUNTS" />
103-->src/main/AndroidManifest.xml:59:2-70
103-->src/main/AndroidManifest.xml:59:19-68
104    <uses-permission android:name="android.permission.AUTHENTICATE_ACCOUNTS" /> <!-- Access to audio settings and bluetooth for voice calls -->
104-->src/main/AndroidManifest.xml:60:2-76
104-->src/main/AndroidManifest.xml:60:19-74
105    <uses-permission android:name="android.permission.MODIFY_AUDIO_SETTINGS" />
105-->src/main/AndroidManifest.xml:63:2-76
105-->src/main/AndroidManifest.xml:63:19-74
106    <uses-permission android:name="android.permission.BLUETOOTH" /> <!-- Permissions for biometric unlocking -->
106-->src/main/AndroidManifest.xml:64:2-64
106-->src/main/AndroidManifest.xml:64:19-62
107    <uses-permission android:name="android.permission.USE_BIOMETRIC" />
107-->src/main/AndroidManifest.xml:67:2-68
107-->src/main/AndroidManifest.xml:67:19-66
108    <uses-permission android:name="android.permission.USE_FINGERPRINT" /> <!-- licence stuff -->
108-->src/main/AndroidManifest.xml:68:2-70
108-->src/main/AndroidManifest.xml:68:19-68
109    <uses-permission android:name="com.android.vending.CHECK_LICENSE" /> <!-- launcher shortcuts -->
109-->src/main/AndroidManifest.xml:71:2-69
109-->src/main/AndroidManifest.xml:71:19-67
110    <uses-permission android:name="com.android.launcher.permission.INSTALL_SHORTCUT" /> <!-- for huawei launcher badges -->
110-->src/main/AndroidManifest.xml:74:2-84
110-->src/main/AndroidManifest.xml:74:19-82
111    <uses-permission android:name="com.huawei.android.launcher.permission.CHANGE_BADGE" />
111-->src/main/AndroidManifest.xml:77:2-87
111-->src/main/AndroidManifest.xml:77:19-85
112    <uses-permission android:name="com.huawei.android.launcher.permission.READ_SETTINGS" />
112-->src/main/AndroidManifest.xml:78:2-88
112-->src/main/AndroidManifest.xml:78:19-86
113    <uses-permission android:name="com.huawei.android.launcher.permission.WRITE_SETTINGS" /> <!-- sony launcher badges -->
113-->src/main/AndroidManifest.xml:79:2-89
113-->src/main/AndroidManifest.xml:79:19-87
114    <uses-permission android:name="com.sonymobile.home.permission.PROVIDER_INSERT_BADGE" /> <!-- only for fastlane test -->
114-->src/main/AndroidManifest.xml:82:2-88
114-->src/main/AndroidManifest.xml:82:19-86
115    <!-- TODO -->
116    <!-- <uses-permission android:name="android.permission.CHANGE_CONFIGURATION"/> -->
117    <uses-feature
117-->src/main/AndroidManifest.xml:88:2-90:29
118        android:name="android.hardware.location"
118-->src/main/AndroidManifest.xml:89:3-43
119        android:required="false" />
119-->src/main/AndroidManifest.xml:90:3-27
120    <uses-feature
120-->src/main/AndroidManifest.xml:91:2-93:29
121        android:name="android.hardware.location.gps"
121-->src/main/AndroidManifest.xml:92:3-47
122        android:required="false" />
122-->src/main/AndroidManifest.xml:93:3-27
123    <uses-feature
123-->src/main/AndroidManifest.xml:94:2-96:29
124        android:name="android.hardware.location.network"
124-->src/main/AndroidManifest.xml:95:3-51
125        android:required="false" />
125-->src/main/AndroidManifest.xml:96:3-27
126    <uses-feature
126-->src/main/AndroidManifest.xml:97:2-99:29
127        android:name="android.hardware.touchscreen"
127-->src/main/AndroidManifest.xml:98:3-46
128        android:required="false" />
128-->src/main/AndroidManifest.xml:99:3-27
129    <uses-feature
129-->src/main/AndroidManifest.xml:100:2-102:29
130        android:name="android.hardware.telephony"
130-->src/main/AndroidManifest.xml:101:3-44
131        android:required="false" />
131-->src/main/AndroidManifest.xml:102:3-27
132    <uses-feature
132-->src/main/AndroidManifest.xml:103:2-105:29
133        android:name="android.hardware.microphone"
133-->src/main/AndroidManifest.xml:104:3-45
134        android:required="false" />
134-->src/main/AndroidManifest.xml:105:3-27
135    <uses-feature
135-->src/main/AndroidManifest.xml:106:2-108:29
136        android:name="android.hardware.screen.portrait"
136-->src/main/AndroidManifest.xml:107:3-50
137        android:required="false" />
137-->src/main/AndroidManifest.xml:108:3-27
138    <uses-feature
138-->src/main/AndroidManifest.xml:109:2-111:29
139        android:name="android.hardware.bluetooth"
139-->src/main/AndroidManifest.xml:110:3-44
140        android:required="false" />
140-->src/main/AndroidManifest.xml:111:3-27
141    <uses-feature
141-->src/main/AndroidManifest.xml:112:2-114:29
142        android:name="android.hardware.camera"
142-->src/main/AndroidManifest.xml:113:3-41
143        android:required="false" />
143-->src/main/AndroidManifest.xml:114:3-27
144    <uses-feature
144-->src/main/AndroidManifest.xml:115:2-117:29
145        android:name="android.hardware.camera.any"
145-->src/main/AndroidManifest.xml:116:3-45
146        android:required="false" />
146-->src/main/AndroidManifest.xml:117:3-27
147
148    <permission
148-->[com.huawei.hms:push:5.0.4.302] AndroidManifest.xml:9:5-11:55
149        android:name="ch.threema.app.hms.permission.PROCESS_PUSH_MSG"
149-->[com.huawei.hms:push:5.0.4.302] AndroidManifest.xml:10:9-68
150        android:protectionLevel="signatureOrSystem" /> <!-- PUSH_PROVIDER and PUSH_WRITE_PROVIDER are both provider registered permissions for the notification switch. -->
150-->[com.huawei.hms:push:5.0.4.302] AndroidManifest.xml:11:9-52
151    <!-- The SDK's notification bar switch, EMUI 9.x becomes write to the local sp, sharing the file through the provider to the push-rom, which reads the sp file to get the status of the notification bar switch. -->
152    <permission
152-->[com.huawei.hms:push:5.0.4.302] AndroidManifest.xml:14:5-16:55
153        android:name="ch.threema.app.hms.permission.PUSH_PROVIDER"
153-->[com.huawei.hms:push:5.0.4.302] AndroidManifest.xml:15:9-65
154        android:protectionLevel="signatureOrSystem" />
154-->[com.huawei.hms:push:5.0.4.302] AndroidManifest.xml:16:9-52
155    <permission
155-->[com.huawei.hms:push:5.0.4.302] AndroidManifest.xml:17:5-19:55
156        android:name="ch.threema.app.hms.permission.PUSH_WRITE_PROVIDER"
156-->[com.huawei.hms:push:5.0.4.302] AndroidManifest.xml:18:9-71
157        android:protectionLevel="signatureOrSystem" />
157-->[com.huawei.hms:push:5.0.4.302] AndroidManifest.xml:19:9-52
158
159    <uses-permission android:name="ch.threema.app.hms.permission.PROCESS_PUSH_MSG" />
159-->[com.huawei.hms:push:5.0.4.302] AndroidManifest.xml:21:5-84
159-->[com.huawei.hms:push:5.0.4.302] AndroidManifest.xml:21:22-81
160    <uses-permission android:name="ch.threema.app.hms.permission.PUSH_PROVIDER" />
160-->[com.huawei.hms:push:5.0.4.302] AndroidManifest.xml:22:5-81
160-->[com.huawei.hms:push:5.0.4.302] AndroidManifest.xml:22:22-78
161
162    <uses-feature
162-->[org.maplibre.gl:android-sdk:9.5.2] AndroidManifest.xml:12:5-14:36
163        android:name="android.hardware.wifi"
163-->[org.maplibre.gl:android-sdk:9.5.2] AndroidManifest.xml:13:9-45
164        android:required="false" />
164-->[org.maplibre.gl:android-sdk:9.5.2] AndroidManifest.xml:14:9-33
165
166    <uses-permission android:name="android.permission.ACCESS_WIFI_STATE" /> <!-- 如果是安卓8.0，应用编译配置的targetSdkVersion>=26，请务必添加以下权限 -->
166-->[org.maplibre.gl:android-sdk:9.5.2] AndroidManifest.xml:18:5-76
166-->[org.maplibre.gl:android-sdk:9.5.2] AndroidManifest.xml:18:22-73
167    <uses-permission android:name="android.permission.REQUEST_INSTALL_PACKAGES" /> <!-- 应用市场9.0版本必须使用该权限获取用户的服务地 -->
167-->[com.huawei.hms:availableupdate:5.0.4.301] AndroidManifest.xml:16:5-83
167-->[com.huawei.hms:availableupdate:5.0.4.301] AndroidManifest.xml:16:22-80
168    <uses-permission android:name="com.huawei.appmarket.service.commondata.permission.GET_COMMON_DATA" />
168-->[com.huawei.hms:availableupdate:5.0.4.301] AndroidManifest.xml:18:5-106
168-->[com.huawei.hms:availableupdate:5.0.4.301] AndroidManifest.xml:18:22-103
169
170    <application
170-->src/main/AndroidManifest.xml:156:2-969:16
171        android:name="ch.threema.app.ThreemaApplication"
171-->src/main/AndroidManifest.xml:157:3-37
172        android:allowAudioPlaybackCapture="false"
172-->src/main/AndroidManifest.xml:171:3-44
173        android:allowBackup="true"
173-->src/main/AndroidManifest.xml:158:3-29
174        android:appCategory="social"
174-->src/main/AndroidManifest.xml:172:3-31
175        android:appComponentFactory="androidx.core.app.CoreComponentFactory"
175-->[androidx.core:core:1.6.0] AndroidManifest.xml:24:18-86
176        android:debuggable="true"
177        android:extractNativeLibs="true"
177-->src/main/AndroidManifest.xml:159:3-35
178        android:hardwareAccelerated="true"
178-->src/main/AndroidManifest.xml:160:3-37
179        android:hasFragileUserData="true"
179-->src/main/AndroidManifest.xml:173:3-36
180        android:icon="@color/mapbox_blue"
180-->src/main/AndroidManifest.xml:161:3-36
181        android:label="@string/app_name"
181-->src/main/AndroidManifest.xml:163:3-35
182        android:largeHeap="true"
182-->src/main/AndroidManifest.xml:164:3-27
183        android:manageSpaceActivity=".activities.StorageManagementActivity"
183-->src/main/AndroidManifest.xml:170:3-70
184        android:networkSecurityConfig="@xml/network_security_config"
184-->src/main/AndroidManifest.xml:169:3-63
185        android:resizeableActivity="true"
185-->src/main/AndroidManifest.xml:165:3-36
186        android:roundIcon="@mipmap/ic_launcher"
186-->src/main/AndroidManifest.xml:162:3-42
187        android:supportsRtl="false"
187-->src/main/AndroidManifest.xml:166:3-30
188        android:testOnly="true"
189        android:theme="@style/AppBaseTheme"
189-->src/main/AndroidManifest.xml:167:3-38
190        android:usesCleartextTraffic="false" >
190-->src/main/AndroidManifest.xml:168:3-39
191        <activity
191-->src/hms/AndroidManifest.xml:28:3-30:54
192            android:name="com.DrmSDK.DrmDialogActivity"
192-->src/hms/AndroidManifest.xml:29:4-47
193            android:theme="@style/Theme.Threema.WithToolbar" />
193-->src/hms/AndroidManifest.xml:30:4-52
194
195        <service
195-->src/hms/AndroidManifest.xml:32:3-38:13
196            android:name="ch.threema.app.push.PushService"
196-->src/hms/AndroidManifest.xml:33:4-50
197            android:exported="false" >
197-->src/hms/AndroidManifest.xml:34:4-28
198            <intent-filter>
198-->src/hms/AndroidManifest.xml:35:4-37:20
199                <action android:name="com.huawei.push.action.MESSAGING_EVENT" />
199-->src/hms/AndroidManifest.xml:36:5-69
199-->src/hms/AndroidManifest.xml:36:13-66
200            </intent-filter>
201        </service>
202
203        <!--
204         Note: The "replace" entry above should be kept to ensure that a library cannot accidentally
205		override rtl or backup support. Unfortunately the linter warning cannot be silenced.
206        -->
207        <meta-data
207-->src/main/AndroidManifest.xml:177:3-179:25
208            android:name="android.max_aspect"
208-->src/main/AndroidManifest.xml:178:4-37
209            android:value="2.5" />
209-->src/main/AndroidManifest.xml:179:4-23
210        <meta-data
210-->src/main/AndroidManifest.xml:180:3-182:38
211            android:name="android.provider.CONTACTS_STRUCTURE"
211-->src/main/AndroidManifest.xml:181:4-54
212            android:resource="@xml/contacts" />
212-->src/main/AndroidManifest.xml:182:4-36
213
214        <activity
214-->src/main/AndroidManifest.xml:184:3-201:14
215            android:name="ch.threema.app.activities.MainActivity"
215-->src/main/AndroidManifest.xml:185:4-43
216            android:configChanges="uiMode"
216-->src/main/AndroidManifest.xml:189:4-34
217            android:label="@string/app_name"
217-->src/main/AndroidManifest.xml:186:4-36
218            android:launchMode="singleTop"
218-->src/main/AndroidManifest.xml:187:4-34
219            android:theme="@style/SplashTheme" >
219-->src/main/AndroidManifest.xml:188:4-38
220            <intent-filter>
220-->src/main/AndroidManifest.xml:190:4-196:20
221                <action android:name="android.intent.action.MAIN" />
221-->src/main/AndroidManifest.xml:191:5-56
221-->src/main/AndroidManifest.xml:191:13-54
222
223                <category android:name="android.intent.category.LAUNCHER" />
223-->src/main/AndroidManifest.xml:193:5-64
223-->src/main/AndroidManifest.xml:193:15-62
224                <!-- samsung multiwindow -->
225                <category android:name="android.intent.category.MULTIWINDOW_LAUNCHER" />
225-->src/main/AndroidManifest.xml:195:5-76
225-->src/main/AndroidManifest.xml:195:15-74
226            </intent-filter>
227
228            <meta-data
228-->src/main/AndroidManifest.xml:198:4-200:44
229                android:name="android.app.shortcuts"
229-->src/main/AndroidManifest.xml:199:5-41
230                android:resource="@xml/app_shortcuts" />
230-->src/main/AndroidManifest.xml:200:5-42
231        </activity>
232        <activity
232-->src/main/AndroidManifest.xml:202:3-207:14
233            android:name="ch.threema.app.activities.HomeActivity"
233-->src/main/AndroidManifest.xml:203:4-43
234            android:configChanges="uiMode"
234-->src/main/AndroidManifest.xml:206:4-34
235            android:launchMode="singleTask"
235-->src/main/AndroidManifest.xml:204:4-35
236            android:theme="@style/Theme.Threema.WithToolbar" >
236-->src/main/AndroidManifest.xml:205:4-52
237        </activity>
238        <activity
238-->src/main/AndroidManifest.xml:208:3-221:14
239            android:name="ch.threema.app.activities.ComposeMessageActivity"
239-->src/main/AndroidManifest.xml:209:4-53
240            android:configChanges="touchscreen|keyboard|keyboardHidden|orientation|screenLayout|screenSize|uiMode"
240-->src/main/AndroidManifest.xml:213:4-106
241            android:launchMode="singleTop"
241-->src/main/AndroidManifest.xml:210:4-34
242            android:parentActivityName="ch.threema.app.activities.HomeActivity"
242-->src/main/AndroidManifest.xml:211:4-57
243            android:theme="@style/Theme.Threema.WithToolbar"
243-->src/main/AndroidManifest.xml:212:4-52
244            android:windowSoftInputMode="stateUnchanged" >
244-->src/main/AndroidManifest.xml:214:4-48
245            <intent-filter android:label="@string/threema_contact" >
245-->src/main/AndroidManifest.xml:215:4-220:20
245-->src/main/AndroidManifest.xml:215:19-58
246                <action android:name="android.intent.action.VIEW" />
246-->src/main/AndroidManifest.xml:217:5-56
246-->src/main/AndroidManifest.xml:217:13-54
247
248                <category android:name="android.intent.category.DEFAULT" />
248-->src/main/AndroidManifest.xml:135:4-62
248-->src/main/AndroidManifest.xml:135:14-60
249
250                <data android:mimeType="@string/contacts_mime_type" />
251            </intent-filter>
252        </activity>
253        <activity
253-->src/main/AndroidManifest.xml:222:3-269:14
254            android:name="ch.threema.app.activities.RecipientListActivity"
254-->src/main/AndroidManifest.xml:223:4-52
255            android:configChanges="uiMode"
255-->src/main/AndroidManifest.xml:229:4-34
256            android:excludeFromRecents="true"
256-->src/main/AndroidManifest.xml:225:4-37
257            android:label="@string/app_name"
257-->src/main/AndroidManifest.xml:224:4-36
258            android:launchMode="singleTask"
258-->src/main/AndroidManifest.xml:227:4-35
259            android:taskAffinity=""
259-->src/main/AndroidManifest.xml:226:4-27
260            android:theme="@style/Theme.Threema.WithToolbar" >
260-->src/main/AndroidManifest.xml:228:4-52
261            <intent-filter android:label="@string/app_name" >
261-->src/main/AndroidManifest.xml:230:4-239:20
261-->src/main/AndroidManifest.xml:230:19-51
262                <action android:name="android.intent.action.SEND" />
262-->src/main/AndroidManifest.xml:142:4-56
262-->src/main/AndroidManifest.xml:142:12-53
263
264                <category android:name="android.intent.category.DEFAULT" />
264-->src/main/AndroidManifest.xml:135:4-62
264-->src/main/AndroidManifest.xml:135:14-60
265
266                <data android:mimeType="text/plain" />
267                <data android:mimeType="image/*" />
268                <data android:mimeType="video/*" />
269                <data android:mimeType="audio/*" />
270                <data android:mimeType="application/*" />
271                <data android:mimeType="*/*" />
272            </intent-filter>
273            <intent-filter android:label="@string/app_name" >
273-->src/main/AndroidManifest.xml:240:4-244:20
273-->src/main/AndroidManifest.xml:240:19-51
274                <action android:name="android.intent.action.SEND_MULTIPLE" />
274-->src/main/AndroidManifest.xml:241:5-65
274-->src/main/AndroidManifest.xml:241:13-63
275
276                <category android:name="android.intent.category.DEFAULT" />
276-->src/main/AndroidManifest.xml:135:4-62
276-->src/main/AndroidManifest.xml:135:14-60
277
278                <data android:mimeType="*/*" />
279            </intent-filter>
280            <intent-filter android:label="@string/app_name" >
280-->src/main/AndroidManifest.xml:245:4-255:20
280-->src/main/AndroidManifest.xml:245:19-51
281                <action android:name="android.intent.action.VIEW" />
281-->src/main/AndroidManifest.xml:217:5-56
281-->src/main/AndroidManifest.xml:217:13-54
282                <action android:name="android.intent.action.SENDTO" />
282-->src/main/AndroidManifest.xml:247:5-58
282-->src/main/AndroidManifest.xml:247:13-56
283
284                <category android:name="android.intent.category.DEFAULT" />
284-->src/main/AndroidManifest.xml:135:4-62
284-->src/main/AndroidManifest.xml:135:14-60
285                <category android:name="android.intent.category.BROWSABLE" />
285-->src/main/AndroidManifest.xml:249:5-65
285-->src/main/AndroidManifest.xml:249:15-63
286
287                <data android:scheme="sms" />
288                <data android:scheme="smsto" />
289                <data
290                    android:host="compose"
291                    android:scheme="threema" />
292            </intent-filter>
293            <intent-filter android:label="@string/app_name" >
293-->src/main/AndroidManifest.xml:256:4-265:20
293-->src/main/AndroidManifest.xml:256:19-51
294                <action android:name="android.intent.action.VIEW" />
294-->src/main/AndroidManifest.xml:217:5-56
294-->src/main/AndroidManifest.xml:217:13-54
295                <action android:name="android.intent.action.SENDTO" />
295-->src/main/AndroidManifest.xml:247:5-58
295-->src/main/AndroidManifest.xml:247:13-56
296
297                <category android:name="android.intent.category.DEFAULT" />
297-->src/main/AndroidManifest.xml:135:4-62
297-->src/main/AndroidManifest.xml:135:14-60
298                <category android:name="android.intent.category.BROWSABLE" />
298-->src/main/AndroidManifest.xml:249:5-65
298-->src/main/AndroidManifest.xml:249:15-63
299
300                <data
301                    android:host="go.threema.ch"
302                    android:pathPrefix="/compose"
303                    android:scheme="https" />
304            </intent-filter>
305
306            <meta-data
306-->src/main/AndroidManifest.xml:266:4-268:71
307                android:name="android.service.chooser.chooser_target_service"
307-->src/main/AndroidManifest.xml:267:5-66
308                android:value="androidx.sharetarget.ChooserTargetServiceCompat" />
308-->src/main/AndroidManifest.xml:268:5-68
309        </activity>
310        <activity
310-->src/main/AndroidManifest.xml:270:3-276:14
311            android:name="ch.threema.app.activities.RecipientListBaseActivity"
311-->src/main/AndroidManifest.xml:271:4-56
312            android:configChanges="uiMode"
312-->src/main/AndroidManifest.xml:274:4-34
313            android:launchMode="singleTop"
313-->src/main/AndroidManifest.xml:272:4-34